<?xml version="1.0" encoding="UTF-8"?>
<!-- Generated by org.testng.reporters.JUnitReportReporter -->
<testsuite hostname="LAPTOP-LO7MB9TB" failures="0" tests="20" name="com.royalcarribbean.testcases.TestCase" time="69.201" errors="0" timestamp="2021-02-19T13:49:01 IST" skipped="0">
  <testcase classname="com.royalcarribbean.testcases.TestCase" name="isRoyalSuitePresent" time="0.117"/>
  <system-out/>
  <testcase classname="com.royalcarribbean.testcases.TestCase" name="isImagePresent" time="0.388"/>
  <system-out/>
  <testcase classname="com.royalcarribbean.testcases.TestCase" name="clickOnHolidayCruise" time="9.201"/>
  <system-out/>
  <testcase classname="com.royalcarribbean.testcases.TestCase" name="selectView" time="0.483"/>
  <system-out/>
  <testcase classname="com.royalcarribbean.testcases.TestCase" name="isHolidayCruiseElementPresent" time="1.166"/>
  <system-out/>
  <testcase classname="com.royalcarribbean.testcases.TestCase" name="DoTheSearch" time="7.224"/>
  <system-out/>
  <testcase classname="com.royalcarribbean.testcases.TestCase" name="isRoyalSuitePresent" time="0.101"/>
  <system-out/>
  <testcase classname="com.royalcarribbean.testcases.TestCase" name="isImagePresent" time="6.726"/>
  <system-out/>
  <testcase classname="com.royalcarribbean.testcases.TestCase" name="isSearchButtonPresentandclickOnIt" time="2.081"/>
  <system-out/>
  <testcase classname="com.royalcarribbean.testcases.TestCase" name="clickOnHolidayCruise" time="6.590"/>
  <system-out/>
  <testcase classname="com.royalcarribbean.testcases.TestCase" name="isSearchButtonPresentandclickOnIt" time="2.835"/>
  <system-out/>
  <testcase classname="com.royalcarribbean.testcases.TestCase" name="DoTheSearch" time="5.797"/>
  <system-out/>
  <testcase classname="com.royalcarribbean.testcases.TestCase" name="compareResults" time="0.434"/>
  <system-out/>
  <testcase classname="com.royalcarribbean.testcases.TestCase" name="selectView" time="0.635"/>
  <system-out/>
  <testcase classname="com.royalcarribbean.testcases.TestCase" name="compareResults" time="0.694"/>
  <system-out/>
  <testcase classname="com.royalcarribbean.testcases.TestCase" name="isHolidayCruiseElementPresent" time="1.208"/>
  <system-out/>
  <testcase classname="com.royalcarribbean.testcases.TestCase" name="scroll" time="7.377"/>
  <system-out/>
  <testcase classname="com.royalcarribbean.testcases.TestCase" name="scroll" time="8.337"/>
  <system-out/>
  <testcase classname="com.royalcarribbean.testcases.TestCase" name="findAndclickOnResult" time="7.114"/>
  <system-out/>
  <testcase classname="com.royalcarribbean.testcases.TestCase" name="findAndclickOnResult" time="0.693"/>
  <system-out/>
</testsuite> <!-- com.royalcarribbean.testcases.TestCase -->
